<?xml version="1.0" encoding="UTF-8"?>
<testng-results ignored="0" total="1" passed="1" failed="0" skipped="0">
  <reporter-output>
  </reporter-output>
  <suite started-at="2022-09-13T12:30:51 IST" name="Suite" finished-at="2022-09-13T12:31:02 IST" duration-ms="10162">
    <groups>
    </groups>
    <test started-at="2022-09-13T12:30:51 IST" name="Test" finished-at="2022-09-13T12:31:02 IST" duration-ms="10162">
      <class name="tests.TwoTest">
        <test-method signature="twoTest()[pri:0, instance:tests.TwoTest@5170bcf4]" started-at="2022-09-13T12:30:51 IST" name="twoTest" finished-at="2022-09-13T12:31:01 IST" duration-ms="9580" status="PASS">
          <reporter-output>
          </reporter-output>
        </test-method> <!-- twoTest -->
        <test-method is-config="true" signature="closingBrowser()[pri:0, instance:tests.TwoTest@5170bcf4]" started-at="2022-09-13T12:31:01 IST" name="closingBrowser" finished-at="2022-09-13T12:31:02 IST" duration-ms="132" status="PASS">
          <reporter-output>
          </reporter-output>
        </test-method> <!-- closingBrowser -->
      </class> <!-- tests.TwoTest -->
    </test> <!-- Test -->
  </suite> <!-- Suite -->
</testng-results>
