<?xml version="1.0" encoding="UTF-8"?>
<testng-results ignored="0" total="1" passed="1" failed="0" skipped="0">
  <reporter-output>
  </reporter-output>
  <suite started-at="2022-09-15T01:48:59 IST" name="Suite" finished-at="2022-09-15T01:49:23 IST" duration-ms="23395">
    <groups>
    </groups>
    <test started-at="2022-09-15T01:48:59 IST" name="Test" finished-at="2022-09-15T01:49:23 IST" duration-ms="23395">
      <class name="tests.TwoTest">
        <test-method signature="twoTest()[pri:0, instance:tests.TwoTest@35399441]" started-at="2022-09-15T01:48:59 IST" name="twoTest" finished-at="2022-09-15T01:49:22 IST" duration-ms="22354" status="PASS">
          <reporter-output>
          </reporter-output>
        </test-method> <!-- twoTest -->
        <test-method is-config="true" signature="closingBrowser()[pri:0, instance:tests.TwoTest@35399441]" started-at="2022-09-15T01:49:22 IST" name="closingBrowser" finished-at="2022-09-15T01:49:23 IST" duration-ms="397" status="PASS">
          <reporter-output>
          </reporter-output>
        </test-method> <!-- closingBrowser -->
      </class> <!-- tests.TwoTest -->
    </test> <!-- Test -->
  </suite> <!-- Suite -->
</testng-results>
