<?xml version="1.0" encoding="UTF-8"?>
<testng-results ignored="0" total="1" passed="1" failed="0" skipped="0">
  <reporter-output>
  </reporter-output>
  <suite started-at="2022-09-14T21:16:43 IST" name="Suite" finished-at="2022-09-14T21:16:44 IST" duration-ms="75">
    <groups>
    </groups>
    <test started-at="2022-09-14T21:16:43 IST" name="Test" finished-at="2022-09-14T21:16:44 IST" duration-ms="75">
      <class name="tests.Para">
        <test-method signature="name()[pri:0, instance:tests.Para@34f5090e]" started-at="2022-09-14T21:16:44 IST" name="name" finished-at="2022-09-14T21:16:44 IST" duration-ms="14" status="PASS">
          <reporter-output>
          </reporter-output>
        </test-method> <!-- name -->
      </class> <!-- tests.Para -->
    </test> <!-- Test -->
  </suite> <!-- Suite -->
</testng-results>
